  injector.cpp
C:\Program Files\Microsoft Visual Studio\2022\Community\VC\Tools\MSVC\14.35.32215\include\filesystem(13): warning STL4038: The contents of <filesystem> are available only with C++17 or later.
C:\Users\muril\Downloads\CustomInjector\csgo-loader\loader\util.hpp(7,8): error C2039: ' transform': não é um membro de 'std'
C:\Program Files\Microsoft Visual Studio\2022\Community\VC\Tools\MSVC\14.35.32215\include\sstream(20,1): message : consulte a declaração de 'std'
C:\Users\muril\Downloads\CustomInjector\csgo-loader\loader\util.hpp(7,17): error C3861: 'transform': identificador não encontrado
C:\Users\muril\Downloads\CustomInjector\csgo-loader\loader\util.hpp(12,8): error C2039: ' transform': não é um membro de 'std'
C:\Program Files\Microsoft Visual Studio\2022\Community\VC\Tools\MSVC\14.35.32215\include\sstream(20,1): message : consulte a declaração de 'std'
C:\Users\muril\Downloads\CustomInjector\csgo-loader\loader\util.hpp(12,17): error C3861: 'transform': identificador não encontrado
C:\Users\muril\Downloads\CustomInjector\csgo-loader\loader\memory.hpp(5,51): error C2039: ' vector': não é um membro de 'std'
C:\Program Files\Microsoft Visual Studio\2022\Community\VC\Tools\MSVC\14.35.32215\include\sstream(20,1): message : consulte a declaração de 'std'
C:\Users\muril\Downloads\CustomInjector\csgo-loader\loader\memory.hpp(5,57): error C2061: erro de sintaxe: identificador 'vector'
C:\Users\muril\Downloads\CustomInjector\csgo-loader\loader\memory.hpp(16,25): error C2065: 'att': identificador não declarado
C:\Users\muril\Downloads\CustomInjector\csgo-loader\loader\memory.hpp(16,3): error C2530: 'i': referências devem ser inicializadas
C:\Users\muril\Downloads\CustomInjector\csgo-loader\loader\memory.hpp(16,3): error C3531: 'i': um símbolo cujo tipo contém 'auto' deve ter um inicializador
C:\Users\muril\Downloads\CustomInjector\csgo-loader\loader\memory.hpp(16,23): error C2143: erro de sintaxe: ';' ausente antes de ':'
C:\Users\muril\Downloads\CustomInjector\csgo-loader\loader\memory.hpp(16,29): error C2143: erro de sintaxe: ';' ausente antes de ')'
C:\Users\muril\Downloads\CustomInjector\csgo-loader\loader\memory.hpp(19,122): error C2065: 'proc': identificador não declarado
C:\Users\muril\Downloads\CustomInjector\csgo-loader\loader\memory.hpp(40,15): error C2664: 'std::string util::to_lower(std::string)': não é possível converter um argumento 1 de 'WCHAR [260]' em 'std::string'
C:\Users\muril\Downloads\CustomInjector\csgo-loader\loader\memory.hpp(40,30): message : Nenhum construtor pôde receber o tipo de origem, ou resolução de sobrecarga de construtor foi ambígua
C:\Users\muril\Downloads\CustomInjector\csgo-loader\loader\util.hpp(5,21): message : consulte a declaração de 'util::to_lower'
C:\Users\muril\Downloads\CustomInjector\csgo-loader\loader\memory.hpp(40,15): message : ao tentar corresponder a lista de argumentos '(WCHAR [260])'
C:\Users\muril\Downloads\CustomInjector\csgo-loader\loader\memory.hpp(72,15): error C2664: 'std::string util::to_lower(std::string)': não é possível converter um argumento 1 de 'WCHAR [260]' em 'std::string'
C:\Users\muril\Downloads\CustomInjector\csgo-loader\loader\memory.hpp(72,30): message : Nenhum construtor pôde receber o tipo de origem, ou resolução de sobrecarga de construtor foi ambígua
C:\Users\muril\Downloads\CustomInjector\csgo-loader\loader\util.hpp(5,21): message : consulte a declaração de 'util::to_lower'
C:\Users\muril\Downloads\CustomInjector\csgo-loader\loader\memory.hpp(72,15): message : ao tentar corresponder a lista de argumentos '(WCHAR [260])'
C:\Users\muril\Downloads\CustomInjector\csgo-loader\loader\memory.hpp(108,15): error C2664: 'std::string util::to_lower(std::string)': não é possível converter um argumento 1 de 'WCHAR [260]' em 'std::string'
C:\Users\muril\Downloads\CustomInjector\csgo-loader\loader\memory.hpp(108,30): message : Nenhum construtor pôde receber o tipo de origem, ou resolução de sobrecarga de construtor foi ambígua
C:\Users\muril\Downloads\CustomInjector\csgo-loader\loader\util.hpp(5,21): message : consulte a declaração de 'util::to_lower'
C:\Users\muril\Downloads\CustomInjector\csgo-loader\loader\memory.hpp(108,15): message : ao tentar corresponder a lista de argumentos '(WCHAR [260])'
C:\Users\muril\Downloads\CustomInjector\csgo-loader\loader\injector.cpp(39,18): error C2665: 'std::basic_string<char,std::char_traits<char>,std::allocator<char>>::compare': nenhuma função sobrecarregada pode converter todos os tipos de argumento
C:\Program Files\Microsoft Visual Studio\2022\Community\VC\Tools\MSVC\14.35.32215\include\xstring(4796,33): message : poderia ser 'int std::basic_string<char,std::char_traits<char>,std::allocator<char>>::compare(const std::basic_string<char,std::char_traits<char>,std::allocator<char>> &) noexcept const'
C:\Users\muril\Downloads\CustomInjector\csgo-loader\loader\injector.cpp(39,18): message : 'int std::basic_string<char,std::char_traits<char>,std::allocator<char>>::compare(const std::basic_string<char,std::char_traits<char>,std::allocator<char>> &) noexcept const': não é possível converter um argumento 1 de 'WCHAR [260]' em 'const std::basic_string<char,std::char_traits<char>,std::allocator<char>> &'
C:\Users\muril\Downloads\CustomInjector\csgo-loader\loader\injector.cpp(39,38): message : Razão: não é possível converter de 'WCHAR [260]' para 'const std::basic_string<char,std::char_traits<char>,std::allocator<char>>'
C:\Users\muril\Downloads\CustomInjector\csgo-loader\loader\injector.cpp(39,38): message : Nenhum construtor pôde receber o tipo de origem, ou resolução de sobrecarga de construtor foi ambígua
C:\Program Files\Microsoft Visual Studio\2022\Community\VC\Tools\MSVC\14.35.32215\include\xstring(4818,33): message : ou       'int std::basic_string<char,std::char_traits<char>,std::allocator<char>>::compare(const _Elem *const ) noexcept const'
          with
          [
              _Elem=char
          ]
C:\Users\muril\Downloads\CustomInjector\csgo-loader\loader\injector.cpp(39,18): message : 'int std::basic_string<char,std::char_traits<char>,std::allocator<char>>::compare(const _Elem *const ) noexcept const': não é possível converter um argumento 1 de 'WCHAR [260]' em 'const _Elem *const '
          with
          [
              _Elem=char
          ]
C:\Users\muril\Downloads\CustomInjector\csgo-loader\loader\injector.cpp(39,38): message : Tipos apontados não são relacionados; conversão requer reinterpret_cast, conversão C-style ou conversão function-style entre parênteses
C:\Users\muril\Downloads\CustomInjector\csgo-loader\loader\injector.cpp(39,18): message : ao tentar corresponder a lista de argumentos '(WCHAR [260])'
C:\Users\muril\Downloads\CustomInjector\csgo-loader\loader\injector.cpp(47,19): error C2665: 'std::basic_string<char,std::char_traits<char>,std::allocator<char>>::compare': nenhuma função sobrecarregada pode converter todos os tipos de argumento
C:\Program Files\Microsoft Visual Studio\2022\Community\VC\Tools\MSVC\14.35.32215\include\xstring(4796,33): message : poderia ser 'int std::basic_string<char,std::char_traits<char>,std::allocator<char>>::compare(const std::basic_string<char,std::char_traits<char>,std::allocator<char>> &) noexcept const'
C:\Users\muril\Downloads\CustomInjector\csgo-loader\loader\injector.cpp(47,19): message : 'int std::basic_string<char,std::char_traits<char>,std::allocator<char>>::compare(const std::basic_string<char,std::char_traits<char>,std::allocator<char>> &) noexcept const': não é possível converter um argumento 1 de 'WCHAR [260]' em 'const std::basic_string<char,std::char_traits<char>,std::allocator<char>> &'
C:\Users\muril\Downloads\CustomInjector\csgo-loader\loader\injector.cpp(47,39): message : Razão: não é possível converter de 'WCHAR [260]' para 'const std::basic_string<char,std::char_traits<char>,std::allocator<char>>'
C:\Users\muril\Downloads\CustomInjector\csgo-loader\loader\injector.cpp(47,39): message : Nenhum construtor pôde receber o tipo de origem, ou resolução de sobrecarga de construtor foi ambígua
C:\Program Files\Microsoft Visual Studio\2022\Community\VC\Tools\MSVC\14.35.32215\include\xstring(4818,33): message : ou       'int std::basic_string<char,std::char_traits<char>,std::allocator<char>>::compare(const _Elem *const ) noexcept const'
          with
          [
              _Elem=char
          ]
C:\Users\muril\Downloads\CustomInjector\csgo-loader\loader\injector.cpp(47,19): message : 'int std::basic_string<char,std::char_traits<char>,std::allocator<char>>::compare(const _Elem *const ) noexcept const': não é possível converter um argumento 1 de 'WCHAR [260]' em 'const _Elem *const '
          with
          [
              _Elem=char
          ]
C:\Users\muril\Downloads\CustomInjector\csgo-loader\loader\injector.cpp(47,39): message : Tipos apontados não são relacionados; conversão requer reinterpret_cast, conversão C-style ou conversão function-style entre parênteses
C:\Users\muril\Downloads\CustomInjector\csgo-loader\loader\injector.cpp(47,19): message : ao tentar corresponder a lista de argumentos '(WCHAR [260])'
C:\Users\muril\Downloads\CustomInjector\csgo-loader\loader\injector.cpp(65,108): warning C4311: 'conversão de tipo': truncamento de ponteiro de 'LPBYTE' para 'DWORD'
C:\Users\muril\Downloads\CustomInjector\csgo-loader\loader\injector.cpp(65,108): warning C4302: 'conversão de tipo': truncamento de 'LPBYTE' para 'DWORD'
C:\Users\muril\Downloads\CustomInjector\csgo-loader\loader\injector.cpp(106,52): warning C4311: 'conversão de tipo': truncamento de ponteiro de 'FARPROC' para 'DWORD'
C:\Users\muril\Downloads\CustomInjector\csgo-loader\loader\injector.cpp(106,52): warning C4302: 'conversão de tipo': truncamento de 'FARPROC' para 'DWORD'
C:\Users\muril\Downloads\CustomInjector\csgo-loader\loader\injector.cpp(117,88): warning C4311: 'conversão de tipo': truncamento de ponteiro de 'FARPROC' para 'DWORD'
C:\Users\muril\Downloads\CustomInjector\csgo-loader\loader\injector.cpp(117,88): warning C4302: 'conversão de tipo': truncamento de 'FARPROC' para 'DWORD'
C:\Users\muril\Downloads\CustomInjector\csgo-loader\loader\injector.cpp(242,15): warning C4311: 'conversão de tipo': truncamento de ponteiro de 'DWORD (__cdecl *)(void)' para 'DWORD'
C:\Users\muril\Downloads\CustomInjector\csgo-loader\loader\injector.cpp(242,15): warning C4302: 'conversão de tipo': truncamento de 'DWORD (__cdecl *)(void)' para 'DWORD'
C:\Users\muril\Downloads\CustomInjector\csgo-loader\loader\injector.cpp(242,37): warning C4311: 'conversão de tipo': truncamento de ponteiro de 'DWORD (__cdecl *)(LPVOID)' para 'DWORD'
C:\Users\muril\Downloads\CustomInjector\csgo-loader\loader\injector.cpp(242,37): warning C4302: 'conversão de tipo': truncamento de 'DWORD (__cdecl *)(LPVOID)' para 'DWORD'
  main.cpp
C:\Program Files\Microsoft Visual Studio\2022\Community\VC\Tools\MSVC\14.35.32215\include\filesystem(13): warning STL4038: The contents of <filesystem> are available only with C++17 or later.
C:\Users\muril\Downloads\CustomInjector\csgo-loader\loader\util.hpp(7,8): error C2039: ' transform': não é um membro de 'std'
C:\Program Files\Microsoft Visual Studio\2022\Community\VC\Tools\MSVC\14.35.32215\include\sstream(20,1): message : consulte a declaração de 'std'
C:\Users\muril\Downloads\CustomInjector\csgo-loader\loader\util.hpp(7,17): error C3861: 'transform': identificador não encontrado
C:\Users\muril\Downloads\CustomInjector\csgo-loader\loader\util.hpp(12,8): error C2039: ' transform': não é um membro de 'std'
C:\Program Files\Microsoft Visual Studio\2022\Community\VC\Tools\MSVC\14.35.32215\include\sstream(20,1): message : consulte a declaração de 'std'
C:\Users\muril\Downloads\CustomInjector\csgo-loader\loader\util.hpp(12,17): error C3861: 'transform': identificador não encontrado
C:\Users\muril\Downloads\CustomInjector\csgo-loader\loader\memory.hpp(5,51): error C2039: ' vector': não é um membro de 'std'
C:\Program Files\Microsoft Visual Studio\2022\Community\VC\Tools\MSVC\14.35.32215\include\sstream(20,1): message : consulte a declaração de 'std'
C:\Users\muril\Downloads\CustomInjector\csgo-loader\loader\memory.hpp(5,57): error C2061: erro de sintaxe: identificador 'vector'
C:\Users\muril\Downloads\CustomInjector\csgo-loader\loader\memory.hpp(16,25): error C2065: 'att': identificador não declarado
C:\Users\muril\Downloads\CustomInjector\csgo-loader\loader\memory.hpp(16,3): error C2530: 'i': referências devem ser inicializadas
C:\Users\muril\Downloads\CustomInjector\csgo-loader\loader\memory.hpp(16,3): error C3531: 'i': um símbolo cujo tipo contém 'auto' deve ter um inicializador
C:\Users\muril\Downloads\CustomInjector\csgo-loader\loader\memory.hpp(16,23): error C2143: erro de sintaxe: ';' ausente antes de ':'
C:\Users\muril\Downloads\CustomInjector\csgo-loader\loader\memory.hpp(16,29): error C2143: erro de sintaxe: ';' ausente antes de ')'
C:\Users\muril\Downloads\CustomInjector\csgo-loader\loader\memory.hpp(19,122): error C2065: 'proc': identificador não declarado
C:\Users\muril\Downloads\CustomInjector\csgo-loader\loader\memory.hpp(40,15): error C2664: 'std::string util::to_lower(std::string)': não é possível converter um argumento 1 de 'WCHAR [260]' em 'std::string'
C:\Users\muril\Downloads\CustomInjector\csgo-loader\loader\memory.hpp(40,30): message : Nenhum construtor pôde receber o tipo de origem, ou resolução de sobrecarga de construtor foi ambígua
C:\Users\muril\Downloads\CustomInjector\csgo-loader\loader\util.hpp(5,21): message : consulte a declaração de 'util::to_lower'
C:\Users\muril\Downloads\CustomInjector\csgo-loader\loader\memory.hpp(40,15): message : ao tentar corresponder a lista de argumentos '(WCHAR [260])'
C:\Users\muril\Downloads\CustomInjector\csgo-loader\loader\memory.hpp(72,15): error C2664: 'std::string util::to_lower(std::string)': não é possível converter um argumento 1 de 'WCHAR [260]' em 'std::string'
C:\Users\muril\Downloads\CustomInjector\csgo-loader\loader\memory.hpp(72,30): message : Nenhum construtor pôde receber o tipo de origem, ou resolução de sobrecarga de construtor foi ambígua
C:\Users\muril\Downloads\CustomInjector\csgo-loader\loader\util.hpp(5,21): message : consulte a declaração de 'util::to_lower'
C:\Users\muril\Downloads\CustomInjector\csgo-loader\loader\memory.hpp(72,15): message : ao tentar corresponder a lista de argumentos '(WCHAR [260])'
C:\Users\muril\Downloads\CustomInjector\csgo-loader\loader\memory.hpp(108,15): error C2664: 'std::string util::to_lower(std::string)': não é possível converter um argumento 1 de 'WCHAR [260]' em 'std::string'
C:\Users\muril\Downloads\CustomInjector\csgo-loader\loader\memory.hpp(108,30): message : Nenhum construtor pôde receber o tipo de origem, ou resolução de sobrecarga de construtor foi ambígua
C:\Users\muril\Downloads\CustomInjector\csgo-loader\loader\util.hpp(5,21): message : consulte a declaração de 'util::to_lower'
C:\Users\muril\Downloads\CustomInjector\csgo-loader\loader\memory.hpp(108,15): message : ao tentar corresponder a lista de argumentos '(WCHAR [260])'
  vac_inhibitor.cpp
C:\Program Files\Microsoft Visual Studio\2022\Community\VC\Tools\MSVC\14.35.32215\include\filesystem(13): warning STL4038: The contents of <filesystem> are available only with C++17 or later.
C:\Users\muril\Downloads\CustomInjector\csgo-loader\loader\util.hpp(7,8): error C2039: ' transform': não é um membro de 'std'
C:\Program Files\Microsoft Visual Studio\2022\Community\VC\Tools\MSVC\14.35.32215\include\sstream(20,1): message : consulte a declaração de 'std'
C:\Users\muril\Downloads\CustomInjector\csgo-loader\loader\util.hpp(7,17): error C3861: 'transform': identificador não encontrado
C:\Users\muril\Downloads\CustomInjector\csgo-loader\loader\util.hpp(12,8): error C2039: ' transform': não é um membro de 'std'
C:\Program Files\Microsoft Visual Studio\2022\Community\VC\Tools\MSVC\14.35.32215\include\sstream(20,1): message : consulte a declaração de 'std'
C:\Users\muril\Downloads\CustomInjector\csgo-loader\loader\util.hpp(12,17): error C3861: 'transform': identificador não encontrado
C:\Users\muril\Downloads\CustomInjector\csgo-loader\loader\memory.hpp(5,51): error C2039: ' vector': não é um membro de 'std'
C:\Program Files\Microsoft Visual Studio\2022\Community\VC\Tools\MSVC\14.35.32215\include\sstream(20,1): message : consulte a declaração de 'std'
C:\Users\muril\Downloads\CustomInjector\csgo-loader\loader\memory.hpp(5,57): error C2061: erro de sintaxe: identificador 'vector'
C:\Users\muril\Downloads\CustomInjector\csgo-loader\loader\memory.hpp(16,25): error C2065: 'att': identificador não declarado
C:\Users\muril\Downloads\CustomInjector\csgo-loader\loader\memory.hpp(16,3): error C2530: 'i': referências devem ser inicializadas
C:\Users\muril\Downloads\CustomInjector\csgo-loader\loader\memory.hpp(16,3): error C3531: 'i': um símbolo cujo tipo contém 'auto' deve ter um inicializador
C:\Users\muril\Downloads\CustomInjector\csgo-loader\loader\memory.hpp(16,23): error C2143: erro de sintaxe: ';' ausente antes de ':'
C:\Users\muril\Downloads\CustomInjector\csgo-loader\loader\memory.hpp(16,29): error C2143: erro de sintaxe: ';' ausente antes de ')'
C:\Users\muril\Downloads\CustomInjector\csgo-loader\loader\memory.hpp(19,122): error C2065: 'proc': identificador não declarado
C:\Users\muril\Downloads\CustomInjector\csgo-loader\loader\memory.hpp(40,15): error C2664: 'std::string util::to_lower(std::string)': não é possível converter um argumento 1 de 'WCHAR [260]' em 'std::string'
C:\Users\muril\Downloads\CustomInjector\csgo-loader\loader\memory.hpp(40,30): message : Nenhum construtor pôde receber o tipo de origem, ou resolução de sobrecarga de construtor foi ambígua
C:\Users\muril\Downloads\CustomInjector\csgo-loader\loader\util.hpp(5,21): message : consulte a declaração de 'util::to_lower'
C:\Users\muril\Downloads\CustomInjector\csgo-loader\loader\memory.hpp(40,15): message : ao tentar corresponder a lista de argumentos '(WCHAR [260])'
C:\Users\muril\Downloads\CustomInjector\csgo-loader\loader\memory.hpp(72,15): error C2664: 'std::string util::to_lower(std::string)': não é possível converter um argumento 1 de 'WCHAR [260]' em 'std::string'
C:\Users\muril\Downloads\CustomInjector\csgo-loader\loader\memory.hpp(72,30): message : Nenhum construtor pôde receber o tipo de origem, ou resolução de sobrecarga de construtor foi ambígua
C:\Users\muril\Downloads\CustomInjector\csgo-loader\loader\util.hpp(5,21): message : consulte a declaração de 'util::to_lower'
C:\Users\muril\Downloads\CustomInjector\csgo-loader\loader\memory.hpp(72,15): message : ao tentar corresponder a lista de argumentos '(WCHAR [260])'
C:\Users\muril\Downloads\CustomInjector\csgo-loader\loader\memory.hpp(108,15): error C2664: 'std::string util::to_lower(std::string)': não é possível converter um argumento 1 de 'WCHAR [260]' em 'std::string'
C:\Users\muril\Downloads\CustomInjector\csgo-loader\loader\memory.hpp(108,30): message : Nenhum construtor pôde receber o tipo de origem, ou resolução de sobrecarga de construtor foi ambígua
C:\Users\muril\Downloads\CustomInjector\csgo-loader\loader\util.hpp(5,21): message : consulte a declaração de 'util::to_lower'
C:\Users\muril\Downloads\CustomInjector\csgo-loader\loader\memory.hpp(108,15): message : ao tentar corresponder a lista de argumentos '(WCHAR [260])'
C:\Users\muril\Downloads\CustomInjector\csgo-loader\loader\vac_inhibitor.cpp(48,16): error C2660: 'memory::open_process': função não recebe 3 argumentos
C:\Users\muril\Downloads\CustomInjector\csgo-loader\loader\memory.hpp(5,14): message : consulte a declaração de 'memory::open_process'
C:\Users\muril\Downloads\CustomInjector\csgo-loader\loader\vac_inhibitor.cpp(48,16): message : ao tentar corresponder a lista de argumentos '(std::basic_string<char,std::char_traits<char>,std::allocator<char>>, initializer list, PROCESS_INFORMATION)'
C:\Users\muril\Downloads\CustomInjector\csgo-loader\loader\vac_inhibitor.cpp(63,13): error C3083: 'filesystem': o símbolo à esquerda de um '::' deve ser um tipo
C:\Users\muril\Downloads\CustomInjector\csgo-loader\loader\vac_inhibitor.cpp(63,25): error C2039: ' exists': não é um membro de 'std'
C:\Program Files\Microsoft Visual Studio\2022\Community\VC\Tools\MSVC\14.35.32215\include\sstream(20,1): message : consulte a declaração de 'std'
C:\Users\muril\Downloads\CustomInjector\csgo-loader\loader\vac_inhibitor.cpp(63): error C3861: 'exists': identificador não encontrado
C:\Users\muril\Downloads\CustomInjector\csgo-loader\loader\vac_inhibitor.cpp(69,23): error C3083: 'filesystem': o símbolo à esquerda de um '::' deve ser um tipo
C:\Users\muril\Downloads\CustomInjector\csgo-loader\loader\vac_inhibitor.cpp(69,35): error C2039: ' absolute': não é um membro de 'std'
C:\Program Files\Microsoft Visual Studio\2022\Community\VC\Tools\MSVC\14.35.32215\include\sstream(20,1): message : consulte a declaração de 'std'
C:\Users\muril\Downloads\CustomInjector\csgo-loader\loader\vac_inhibitor.cpp(69,43): error C3861: 'absolute': identificador não encontrado
C:\Users\muril\Downloads\CustomInjector\csgo-loader\loader\vac_inhibitor.cpp(71,47): error C2664: 'HMODULE GetModuleHandleW(LPCWSTR)': não é possível converter um argumento 1 de 'const char [13]' em 'LPCWSTR'
C:\Users\muril\Downloads\CustomInjector\csgo-loader\loader\vac_inhibitor.cpp(71,64): message : Tipos apontados não são relacionados; conversão requer reinterpret_cast, conversão C-style ou conversão function-style entre parênteses
C:\Program Files (x86)\Windows Kits\10\Include\10.0.22000.0\um\libloaderapi.h(244,1): message : consulte a declaração de 'GetModuleHandleW'
C:\Users\muril\Downloads\CustomInjector\csgo-loader\loader\vac_inhibitor.cpp(71,47): message : ao tentar corresponder a lista de argumentos '(const char [13])'
C:\Users\muril\Downloads\CustomInjector\csgo-loader\loader\vac_inhibitor.cpp(72,21): error C2660: 'VirtualAllocEx': função não recebe 4 argumentos
C:\Program Files (x86)\Windows Kits\10\Include\10.0.22000.0\um\memoryapi.h(112,1): message : consulte a declaração de 'VirtualAllocEx'
C:\Users\muril\Downloads\CustomInjector\csgo-loader\loader\vac_inhibitor.cpp(72,21): message : ao tentar corresponder a lista de argumentos '(HANDLE, int, int, int)'
C:\Users\muril\Downloads\CustomInjector\csgo-loader\loader\vac_inhibitor.cpp(74,46): error C3536: 'remote_path': não pode ser usado antes de ser inicializado
C:\Users\muril\Downloads\CustomInjector\csgo-loader\loader\vac_inhibitor.cpp(74,2): error C2660: 'WriteProcessMemory': função não recebe 3 argumentos
C:\Program Files (x86)\Windows Kits\10\Include\10.0.22000.0\um\memoryapi.h(164,1): message : consulte a declaração de 'WriteProcessMemory'
C:\Users\muril\Downloads\CustomInjector\csgo-loader\loader\vac_inhibitor.cpp(74,2): message : ao tentar corresponder a lista de argumentos '(HANDLE, int, int)'
C:\Users\muril\Downloads\CustomInjector\csgo-loader\loader\vac_inhibitor.cpp(75,84): error C3536: 'loadlib_addrs': não pode ser usado antes de ser inicializado
C:\Users\muril\Downloads\CustomInjector\csgo-loader\loader\vac_inhibitor.cpp(75,84): warning C4312: 'conversão de tipo': conversão de 'int' para 'LPTHREAD_START_ROUTINE' de tamanho maior
C:\Users\muril\Downloads\CustomInjector\csgo-loader\loader\vac_inhibitor.cpp(75,105): warning C4312: 'conversão de tipo': conversão de 'int' para 'LPVOID' de tamanho maior
  stdafx.cpp
C:\Program Files\Microsoft Visual Studio\2022\Community\VC\Tools\MSVC\14.35.32215\include\filesystem(13): warning STL4038: The contents of <filesystem> are available only with C++17 or later.
C:\Users\muril\Downloads\CustomInjector\csgo-loader\loader\util.hpp(7,8): error C2039: ' transform': não é um membro de 'std'
C:\Program Files\Microsoft Visual Studio\2022\Community\VC\Tools\MSVC\14.35.32215\include\sstream(20,1): message : consulte a declaração de 'std'
C:\Users\muril\Downloads\CustomInjector\csgo-loader\loader\util.hpp(7,17): error C3861: 'transform': identificador não encontrado
C:\Users\muril\Downloads\CustomInjector\csgo-loader\loader\util.hpp(12,8): error C2039: ' transform': não é um membro de 'std'
C:\Program Files\Microsoft Visual Studio\2022\Community\VC\Tools\MSVC\14.35.32215\include\sstream(20,1): message : consulte a declaração de 'std'
C:\Users\muril\Downloads\CustomInjector\csgo-loader\loader\util.hpp(12,17): error C3861: 'transform': identificador não encontrado
C:\Users\muril\Downloads\CustomInjector\csgo-loader\loader\memory.hpp(5,51): error C2039: ' vector': não é um membro de 'std'
C:\Program Files\Microsoft Visual Studio\2022\Community\VC\Tools\MSVC\14.35.32215\include\sstream(20,1): message : consulte a declaração de 'std'
C:\Users\muril\Downloads\CustomInjector\csgo-loader\loader\memory.hpp(5,57): error C2061: erro de sintaxe: identificador 'vector'
C:\Users\muril\Downloads\CustomInjector\csgo-loader\loader\memory.hpp(16,25): error C2065: 'att': identificador não declarado
C:\Users\muril\Downloads\CustomInjector\csgo-loader\loader\memory.hpp(16,3): error C2530: 'i': referências devem ser inicializadas
C:\Users\muril\Downloads\CustomInjector\csgo-loader\loader\memory.hpp(16,3): error C3531: 'i': um símbolo cujo tipo contém 'auto' deve ter um inicializador
C:\Users\muril\Downloads\CustomInjector\csgo-loader\loader\memory.hpp(16,23): error C2143: erro de sintaxe: ';' ausente antes de ':'
C:\Users\muril\Downloads\CustomInjector\csgo-loader\loader\memory.hpp(16,29): error C2143: erro de sintaxe: ';' ausente antes de ')'
C:\Users\muril\Downloads\CustomInjector\csgo-loader\loader\memory.hpp(19,122): error C2065: 'proc': identificador não declarado
C:\Users\muril\Downloads\CustomInjector\csgo-loader\loader\memory.hpp(40,15): error C2664: 'std::string util::to_lower(std::string)': não é possível converter um argumento 1 de 'WCHAR [260]' em 'std::string'
C:\Users\muril\Downloads\CustomInjector\csgo-loader\loader\memory.hpp(40,30): message : Nenhum construtor pôde receber o tipo de origem, ou resolução de sobrecarga de construtor foi ambígua
C:\Users\muril\Downloads\CustomInjector\csgo-loader\loader\util.hpp(5,21): message : consulte a declaração de 'util::to_lower'
C:\Users\muril\Downloads\CustomInjector\csgo-loader\loader\memory.hpp(40,15): message : ao tentar corresponder a lista de argumentos '(WCHAR [260])'
C:\Users\muril\Downloads\CustomInjector\csgo-loader\loader\memory.hpp(72,15): error C2664: 'std::string util::to_lower(std::string)': não é possível converter um argumento 1 de 'WCHAR [260]' em 'std::string'
C:\Users\muril\Downloads\CustomInjector\csgo-loader\loader\memory.hpp(72,30): message : Nenhum construtor pôde receber o tipo de origem, ou resolução de sobrecarga de construtor foi ambígua
C:\Users\muril\Downloads\CustomInjector\csgo-loader\loader\util.hpp(5,21): message : consulte a declaração de 'util::to_lower'
C:\Users\muril\Downloads\CustomInjector\csgo-loader\loader\memory.hpp(72,15): message : ao tentar corresponder a lista de argumentos '(WCHAR [260])'
C:\Users\muril\Downloads\CustomInjector\csgo-loader\loader\memory.hpp(108,15): error C2664: 'std::string util::to_lower(std::string)': não é possível converter um argumento 1 de 'WCHAR [260]' em 'std::string'
C:\Users\muril\Downloads\CustomInjector\csgo-loader\loader\memory.hpp(108,30): message : Nenhum construtor pôde receber o tipo de origem, ou resolução de sobrecarga de construtor foi ambígua
C:\Users\muril\Downloads\CustomInjector\csgo-loader\loader\util.hpp(5,21): message : consulte a declaração de 'util::to_lower'
C:\Users\muril\Downloads\CustomInjector\csgo-loader\loader\memory.hpp(108,15): message : ao tentar corresponder a lista de argumentos '(WCHAR [260])'
  Gerando Código...
